amax-music-app/app/build/intermediates/manifest_merge_blame_file/release/manifest-merger-blame-release-report.txt
1<?xml version="1.0" encoding="utf-8"?>
2<manifest xmlns:android="http://schemas.android.com/apk/res/android"
3    package="com.amax.music"
4    android:versionCode="1"
5    android:versionName="1.0" >
6
7    <uses-sdk
8        android:minSdkVersion="24"
9        android:targetSdkVersion="34" />
10
11    <!-- Internet for WebView -->
12    <uses-permission android:name="android.permission.INTERNET" />
12-->src/main/AndroidManifest.xml:6:5-67
12-->src/main/AndroidManifest.xml:6:22-64
13    <uses-permission android:name="android.permission.ACCESS_NETWORK_STATE" />
13-->src/main/AndroidManifest.xml:7:5-79
13-->src/main/AndroidManifest.xml:7:22-76
14
15    <!-- Foreground service -->
16    <uses-permission android:name="android.permission.FOREGROUND_SERVICE" />
16-->src/main/AndroidManifest.xml:10:5-77
16-->src/main/AndroidManifest.xml:10:22-74
17    <uses-permission android:name="android.permission.FOREGROUND_SERVICE_MEDIA_PLAYBACK" />
17-->src/main/AndroidManifest.xml:11:5-92
17-->src/main/AndroidManifest.xml:11:22-89
18    <uses-permission android:name="android.permission.WAKE_LOCK" />
18-->src/main/AndroidManifest.xml:12:5-68
18-->src/main/AndroidManifest.xml:12:22-65
19
20    <!-- Auto-start on boot -->
21    <uses-permission android:name="android.permission.RECEIVE_BOOT_COMPLETED" />
21-->src/main/AndroidManifest.xml:15:5-81
21-->src/main/AndroidManifest.xml:15:22-78
22
23    <!-- Keep running -->
24    <uses-permission android:name="android.permission.REQUEST_IGNORE_BATTERY_OPTIMIZATIONS" />
24-->src/main/AndroidManifest.xml:18:5-95
24-->src/main/AndroidManifest.xml:18:22-92
25
26    <!-- Notifications -->
27    <uses-permission android:name="android.permission.POST_NOTIFICATIONS" />
27-->src/main/AndroidManifest.xml:21:5-77
27-->src/main/AndroidManifest.xml:21:22-74
28
29    <permission
29-->[androidx.core:core:1.12.0] AndroidManifest.xml:22:5-24:47
30        android:name="com.amax.music.DYNAMIC_RECEIVER_NOT_EXPORTED_PERMISSION"
30-->[androidx.core:core:1.12.0] AndroidManifest.xml:23:9-81
31        android:protectionLevel="signature" />
31-->[androidx.core:core:1.12.0] AndroidManifest.xml:24:9-44
32
33    <uses-permission android:name="com.amax.music.DYNAMIC_RECEIVER_NOT_EXPORTED_PERMISSION" />
33-->[androidx.core:core:1.12.0] AndroidManifest.xml:26:5-97
33-->[androidx.core:core:1.12.0] AndroidManifest.xml:26:22-94
34
35    <application
35-->src/main/AndroidManifest.xml:23:5-71:19
36        android:allowBackup="true"
36-->src/main/AndroidManifest.xml:24:9-35
37        android:appComponentFactory="androidx.core.app.CoreComponentFactory"
37-->[androidx.core:core:1.12.0] AndroidManifest.xml:28:18-86
38        android:extractNativeLibs="false"
39        android:icon="@mipmap/ic_launcher"
39-->src/main/AndroidManifest.xml:25:9-43
40        android:label="Amax Music"
40-->src/main/AndroidManifest.xml:27:9-35
41        android:roundIcon="@mipmap/ic_launcher_round"
41-->src/main/AndroidManifest.xml:26:9-54
42        android:supportsRtl="true"
42-->src/main/AndroidManifest.xml:30:9-35
43        android:theme="@style/AppTheme"
43-->src/main/AndroidManifest.xml:28:9-40
44        android:usesCleartextTraffic="true" >
44-->src/main/AndroidManifest.xml:29:9-44
45        <activity
45-->src/main/AndroidManifest.xml:33:9-43:20
46            android:name="com.amax.music.MainActivity"
46-->src/main/AndroidManifest.xml:34:13-41
47            android:configChanges="orientation|screenSize|keyboard|keyboardHidden"
47-->src/main/AndroidManifest.xml:37:13-83
48            android:exported="true"
48-->src/main/AndroidManifest.xml:35:13-36
49            android:launchMode="singleTask"
49-->src/main/AndroidManifest.xml:36:13-44
50            android:screenOrientation="portrait" >
50-->src/main/AndroidManifest.xml:38:13-49
51            <intent-filter>
51-->src/main/AndroidManifest.xml:39:13-42:29
52                <action android:name="android.intent.action.MAIN" />
52-->src/main/AndroidManifest.xml:40:17-69
52-->src/main/AndroidManifest.xml:40:25-66
53
54                <category android:name="android.intent.category.LAUNCHER" />
54-->src/main/AndroidManifest.xml:41:17-77
54-->src/main/AndroidManifest.xml:41:27-74
55            </intent-filter>
56        </activity>
57
58        <!-- Always-running foreground service -->
59        <service
59-->src/main/AndroidManifest.xml:46:9-51:44
60            android:name="com.amax.music.MusicService"
60-->src/main/AndroidManifest.xml:47:13-41
61            android:enabled="true"
61-->src/main/AndroidManifest.xml:48:13-35
62            android:exported="false"
62-->src/main/AndroidManifest.xml:49:13-37
63            android:foregroundServiceType="mediaPlayback"
63-->src/main/AndroidManifest.xml:50:13-58
64            android:stopWithTask="false" />
64-->src/main/AndroidManifest.xml:51:13-41
65
66        <!-- Boot receiver to auto-start -->
67        <receiver
67-->src/main/AndroidManifest.xml:54:9-63:20
68            android:name="com.amax.music.BootReceiver"
68-->src/main/AndroidManifest.xml:55:13-41
69            android:enabled="true"
69-->src/main/AndroidManifest.xml:56:13-35
70            android:exported="true" >
70-->src/main/AndroidManifest.xml:57:13-36
71            <intent-filter>
71-->src/main/AndroidManifest.xml:58:13-62:29
72                <action android:name="android.intent.action.BOOT_COMPLETED" />
72-->src/main/AndroidManifest.xml:59:17-79
72-->src/main/AndroidManifest.xml:59:25-76
73                <action android:name="android.intent.action.QUICKBOOT_POWERON" />
73-->src/main/AndroidManifest.xml:60:17-82
73-->src/main/AndroidManifest.xml:60:25-79
74                <action android:name="com.htc.intent.action.QUICKBOOT_POWERON" />
74-->src/main/AndroidManifest.xml:61:17-82
74-->src/main/AndroidManifest.xml:61:25-79
75            </intent-filter>
76        </receiver>
77
78        <!-- Restart service when task is removed from recents -->
79        <service
79-->src/main/AndroidManifest.xml:66:9-69:40
80            android:name="com.amax.music.RestartService"
80-->src/main/AndroidManifest.xml:67:13-43
81            android:enabled="true"
81-->src/main/AndroidManifest.xml:68:13-35
82            android:exported="false" />
82-->src/main/AndroidManifest.xml:69:13-37
83
84        <provider
84-->[androidx.emoji2:emoji2:1.2.0] AndroidManifest.xml:24:9-32:20
85            android:name="androidx.startup.InitializationProvider"
85-->[androidx.emoji2:emoji2:1.2.0] AndroidManifest.xml:25:13-67
86            android:authorities="com.amax.music.androidx-startup"
86-->[androidx.emoji2:emoji2:1.2.0] AndroidManifest.xml:26:13-68
87            android:exported="false" >
87-->[androidx.emoji2:emoji2:1.2.0] AndroidManifest.xml:27:13-37
88            <meta-data
88-->[androidx.emoji2:emoji2:1.2.0] AndroidManifest.xml:29:13-31:52
89                android:name="androidx.emoji2.text.EmojiCompatInitializer"
89-->[androidx.emoji2:emoji2:1.2.0] AndroidManifest.xml:30:17-75
90                android:value="androidx.startup" />
90-->[androidx.emoji2:emoji2:1.2.0] AndroidManifest.xml:31:17-49
91            <meta-data
91-->[androidx.lifecycle:lifecycle-process:2.4.1] AndroidManifest.xml:31:13-33:52
92                android:name="androidx.lifecycle.ProcessLifecycleInitializer"
92-->[androidx.lifecycle:lifecycle-process:2.4.1] AndroidManifest.xml:32:17-78
93                android:value="androidx.startup" />
93-->[androidx.lifecycle:lifecycle-process:2.4.1] AndroidManifest.xml:33:17-49
94        </provider>
95    </application>
96
97</manifest>